<?xml version="1.0" encoding="UTF-8"?>
<testng-results skipped="0" failed="0" total="1" passed="1">
  <reporter-output>
  </reporter-output>
  <suite name="Default suite" duration-ms="35" started-at="2017-07-25T15:53:44Z" finished-at="2017-07-25T15:53:44Z">
    <groups>
    </groups>
    <test name="Default test" duration-ms="35" started-at="2017-07-25T15:53:44Z" finished-at="2017-07-25T15:53:44Z">
      <class name="wu.shao.qiong.have.a.Dog.BeautifulQiong">
        <test-method status="PASS" signature="f()[pri:0, instance:wu.shao.qiong.have.a.Dog.BeautifulQiong@2344fc66]" name="f" duration-ms="20" started-at="2017-07-25T23:53:44Z" finished-at="2017-07-25T23:53:44Z">
          <reporter-output>
          </reporter-output>
        </test-method> <!-- f -->
      </class> <!-- wu.shao.qiong.have.a.Dog.BeautifulQiong -->
    </test> <!-- Default test -->
  </suite> <!-- Default suite -->
</testng-results>
